Removed Pin From Net: NetName=GND Pin=P4-1
Removed Pin From Net: NetName=TD_TP_RST Pin=P4-2
Removed Pin From Net: NetName=TD_RST Pin=P4-4
Removed Pin From Net: NetName=TD_INT Pin=P4-6
Removed Pin From Net: NetName=GND Pin=P4-7
Removed Pin From Net: NetName=TD_LEDPWM Pin=P4-8
Removed Pin From Net: NetName=VSP Pin=P4-12
Removed Pin From Net: NetName=GND Pin=P4-13
Removed Pin From Net: NetName=VSP Pin=P4-14
Removed Pin From Net: NetName=VSN Pin=P4-16
Removed Pin From Net: NetName=VSN Pin=P4-18
Removed Pin From Net: NetName=GND Pin=P4-19
Removed Pin From Net: NetName=VCC Pin=P4-22
Removed Pin From Net: NetName=VCC Pin=P4-24
Removed Pin From Net: NetName=GND Pin=P4-25
Removed Pin From Net: NetName=IOVCC Pin=P4-28
Removed Pin From Net: NetName=IOVCC Pin=P4-30
Removed Pin From Net: NetName=GND Pin=P4-31
Removed Pin From Net: NetName=TD_SCK Pin=P4-33
Removed Pin From Net: NetName=BL_VCC Pin=P4-34
Removed Pin From Net: NetName=TD_MOSI Pin=P4-35
Removed Pin From Net: NetName=BL_GND Pin=P4-36
Removed Pin From Net: NetName=TD_MISO Pin=P4-37
Removed Pin From Net: NetName=TD_CS Pin=P4-39
Removed Member From Class: ClassName=Sheet1 Member=P4
Added Pin To Net: NetName=GND Pin=H?-3
Added Pin To Net: NetName=GND Pin=H?-4
Added Pin To Net: NetName=GND Pin=H?-7
Added Pin To Net: NetName=GND Pin=H?-8
Added Pin To Net: NetName=GND Pin=H?-11
Added Pin To Net: NetName=GND Pin=H?-12
Added Pin To Net: NetName=GND Pin=H?-15
Added Pin To Net: NetName=GND Pin=H?-16
Added Pin To Net: NetName=GND Pin=H?-19
Added Pin To Net: NetName=GND Pin=H?-20
Added Pin To Net: NetName=TD_RST Pin=H?-21
Added Pin To Net: NetName=TD_TP_RST Pin=H?-22
Added Pin To Net: NetName=TD_INT Pin=H?-23
Added Pin To Net: NetName=TD_LEDPWM Pin=H?-24
Added Pin To Net: NetName=TD_SCK Pin=H?-25
Added Pin To Net: NetName=BL_VCC Pin=H?-26
Added Pin To Net: NetName=TD_MOSI Pin=H?-27
Added Pin To Net: NetName=BL_GND Pin=H?-28
Added Pin To Net: NetName=TD_MISO Pin=H?-29
Added Pin To Net: NetName=GND Pin=H?-30
Added Pin To Net: NetName=TD_CS Pin=H?-31
Added Pin To Net: NetName=GND Pin=H?-32
Added Pin To Net: NetName=VSP Pin=H?-33
Added Pin To Net: NetName=VSP Pin=H?-34
Added Pin To Net: NetName=VSN Pin=H?-35
Added Pin To Net: NetName=VSN Pin=H?-36
Added Pin To Net: NetName=VCC Pin=H?-37
Added Pin To Net: NetName=VCC Pin=H?-38
Added Pin To Net: NetName=IOVCC Pin=H?-39
Added Pin To Net: NetName=IOVCC Pin=H?-40
