Removed Pin From Net: NetName=AP_TP_RST Pin=P3-1
Removed Pin From Net: NetName=AP_RST Pin=P3-3
Removed Pin From Net: NetName=AP_INT Pin=P3-5
Removed Pin From Net: NetName=AP_TE Pin=P3-7
Removed Pin From Net: NetName=PWM_EN Pin=P3-9
Removed Pin From Net: NetName=AP_SWIRE Pin=P3-11
Removed Pin From Net: NetName=ADC_IN Pin=P3-13
Removed Pin From Net: NetName=AP_SCK Pin=P3-34
Removed Pin From Net: NetName=AP_MOSI Pin=P3-36
Removed Pin From Net: NetName=AP_MISO Pin=P3-38
Removed Pin From Net: NetName=AP_CS Pin=P3-40
Added Pin To Net: NetName=AP_TP_RST Pin=H?-19
Added Pin To Net: NetName=AP_SCK Pin=H?-20
Added Pin To Net: NetName=AP_RST Pin=H?-21
Added Pin To Net: NetName=AP_MOSI Pin=H?-22
Added Pin To Net: NetName=AP_INT Pin=H?-23
Added Pin To Net: NetName=AP_MISO Pin=H?-24
Added Pin To Net: NetName=AP_TE Pin=H?-25
Added Pin To Net: NetName=AP_CS Pin=H?-26
Added Pin To Net: NetName=PWM_EN Pin=H?-27
Added Pin To Net: NetName=AP_SWIRE Pin=H?-29
Added Pin To Net: NetName=ADC_IN Pin=H?-31
