Change Component Designator: Old Designator=C1 New Designator=C17
Change Component Designator: Old Designator=C3 New Designator=C19
Change Component Designator: Old Designator=C4 New Designator=C18
Change Component Designator: Old Designator=C5 New Designator=C20
Change Component Designator: Old Designator=C6 New Designator=C21
Change Component Designator: Old Designator=C7 New Designator=C22
Change Component Designator: Old Designator=C8 New Designator=C23
Change Component Designator: Old Designator=C9 New Designator=C24
Change Component Designator: Old Designator=C10 New Designator=C25
Change Component Designator: Old Designator=C11 New Designator=C26
Change Component Designator: Old Designator=C12 New Designator=C27
Change Component Designator: Old Designator=C13 New Designator=C28
Change Component Designator: Old Designator=C14 New Designator=C29
Change Component Designator: Old Designator=C15 New Designator=C30
Change Component Designator: Old Designator=C16 New Designator=C31
Change Component Designator: Old Designator=C17 New Designator=C32
Change Component Designator: Old Designator=C18 New Designator=C33
Change Component Designator: Old Designator=C19 New Designator=C34
Change Component Designator: Old Designator=C20 New Designator=C35
Change Component Designator: Old Designator=C21 New Designator=C36
Change Component Designator: Old Designator=C22 New Designator=C37
Change Component Designator: Old Designator=C23 New Designator=C38
Change Component Designator: Old Designator=C24 New Designator=C39
Change Component Designator: Old Designator=C25 New Designator=C40
Change Component Designator: Old Designator=C26 New Designator=C41
Change Component Designator: Old Designator=C27 New Designator=C42
Change Component Designator: Old Designator=C28 New Designator=C43
Change Component Designator: Old Designator=C29 New Designator=C44
Change Component Designator: Old Designator=C30 New Designator=C45
Change Component Designator: Old Designator=C31 New Designator=C46
Change Component Designator: Old Designator=D1 New Designator=D3
Change Component Designator: Old Designator=D2 New Designator=D4
Change Component Designator: Old Designator=D3 New Designator=D5
Change Component Designator: Old Designator=D4 New Designator=D6
Change Component Designator: Old Designator=P1 New Designator=P5
Change Component Designator: Old Designator=P2 New Designator=P6
Change Component Designator: Old Designator=R1 New Designator=R10
Change Component Designator: Old Designator=R2 New Designator=R11
Change Component Designator: Old Designator=R3 New Designator=R12
Change Component Designator: Old Designator=R4 New Designator=R13
Change Component Designator: Old Designator=R5 New Designator=R14
Change Component Designator: Old Designator=R6 New Designator=R15
Change Component Designator: Old Designator=R7 New Designator=R16
Change Component Designator: Old Designator=R8 New Designator=R17
Change Component Designator: Old Designator=R9 New Designator=R18
Change Component Designator: Old Designator=R10 New Designator=R19
Change Component Designator: Old Designator=R11 New Designator=R20
Change Component Designator: Old Designator=R12 New Designator=R21
Change Component Designator: Old Designator=R13 New Designator=R22
Change Component Designator: Old Designator=R14 New Designator=R23
Change Component Designator: Old Designator=R18 New Designator=R24
Change Component Designator: Old Designator=R22 New Designator=R25
Change Component Designator: Old Designator=U1 New Designator=U7
Change Component Designator: Old Designator=U2 New Designator=U8
Change Component Designator: Old Designator=U3 New Designator=U9
Change Component Designator: Old Designator=U4 New Designator=U10
